<?xml version="1.0" encoding="UTF-8"?>
<testsuite name="JUnit Jupiter" tests="2" skipped="0" failures="0" errors="0" time="0.049" hostname="BCN-3R5S3J3" timestamp="2023-05-05T08:43:55">
<properties>
<property name="file.encoding" value="Cp1252"/>
<property name="file.separator" value="\"/>
<property name="java.class.path" value="..\lib\junit-platform-console-standalone-1.7.0-all.jar"/>
<property name="java.class.version" value="61.0"/>
<property name="java.home" value="C:\Program Files\Java\jdk-17"/>
<property name="java.io.tmpdir" value="C:\Users\jlozamoo\AppData\Local\Temp\"/>
<property name="java.library.path" value="C:\Program Files\Java\jdk-17\bin;C:\WINDOWS\Sun\Java\bin;C:\WINDOWS\system32;C:\WINDOWS;C:\Program Files\Java\jdk-17\bin;C:\Program Files\Common Files\Oracle\Java\javapath;C:\WINDOWS\system32;C:\WINDOWS;C:\WINDOWS\System32\Wbem;C:\WINDOWS\System32\WindowsPowerShell\v1.0\;C:\WINDOWS\System32\OpenSSH\;C:\Program Files\Amazon\AWSCLIV2\;C:\Program Files\Docker\Docker\resources\bin;C:\Program Files\PuTTY\;C:\Users\jlozamoo\AppData\Local\Programs\Python\Python311\Scripts\;C:\Users\jlozamoo\AppData\Local\Programs\Python\Python311\;C:\Users\jlozamoo\AppData\Local\Programs\Python\Launcher\;C:\Users\jlozamoo\AppData\Local\Microsoft\WindowsApps;C:\Users\jlozamoo\AppData\Local\Programs\Microsoft VS Code\bin;C:\Users\jlozamoo\AppData\Local\Programs\Git\cmd;."/>
<property name="java.runtime.name" value="Java(TM) SE Runtime Environment"/>
<property name="java.runtime.version" value="17.0.7+8-LTS-224"/>
<property name="java.specification.name" value="Java Platform API Specification"/>
<property name="java.specification.vendor" value="Oracle Corporation"/>
<property name="java.specification.version" value="17"/>
<property name="java.vendor" value="Oracle Corporation"/>
<property name="java.vendor.url" value="https://java.oracle.com/"/>
<property name="java.vendor.url.bug" value="https://bugreport.java.com/bugreport/"/>
<property name="java.version" value="17.0.7"/>
<property name="java.version.date" value="2023-04-18"/>
<property name="java.vm.compressedOopsMode" value="Zero based"/>
<property name="java.vm.info" value="mixed mode, sharing"/>
<property name="java.vm.name" value="Java HotSpot(TM) 64-Bit Server VM"/>
<property name="java.vm.specification.name" value="Java Virtual Machine Specification"/>
<property name="java.vm.specification.vendor" value="Oracle Corporation"/>
<property name="java.vm.specification.version" value="17"/>
<property name="java.vm.vendor" value="Oracle Corporation"/>
<property name="java.vm.version" value="17.0.7+8-LTS-224"/>
<property name="jdk.debug" value="release"/>
<property name="line.separator" value="
"/>
<property name="native.encoding" value="Cp1252"/>
<property name="os.arch" value="amd64"/>
<property name="os.name" value="Windows 10"/>
<property name="os.version" value="10.0"/>
<property name="path.separator" value=";"/>
<property name="sun.arch.data.model" value="64"/>
<property name="sun.boot.library.path" value="C:\Program Files\Java\jdk-17\bin"/>
<property name="sun.cpu.endian" value="little"/>
<property name="sun.cpu.isalist" value="amd64"/>
<property name="sun.io.unicode.encoding" value="UnicodeLittle"/>
<property name="sun.java.command" value="..\lib\junit-platform-console-standalone-1.7.0-all.jar -cp . --select-class CarTest --reports-dir=reports"/>
<property name="sun.java.launcher" value="SUN_STANDARD"/>
<property name="sun.jnu.encoding" value="Cp1252"/>
<property name="sun.management.compiler" value="HotSpot 64-Bit Tiered Compilers"/>
<property name="sun.os.patch.level" value=""/>
<property name="sun.stderr.encoding" value="cp850"/>
<property name="sun.stdout.encoding" value="cp850"/>
<property name="user.country" value="ES"/>
<property name="user.dir" value="C:\Users\jlozamoo\Github\JosephJenkins\src"/>
<property name="user.home" value="C:\Users\jlozamoo"/>
<property name="user.language" value="es"/>
<property name="user.name" value="jlozamoo"/>
<property name="user.script" value=""/>
<property name="user.timezone" value="Europe/Madrid"/>
<property name="user.variant" value=""/>
</properties>
<testcase name="testModel()" classname="CarTest" time="0.018">
<system-out><![CDATA[
unique-id: [engine:junit-jupiter]/[class:CarTest]/[method:testModel()]
display-name: testModel()
]]></system-out>
</testcase>
<testcase name="testMake()" classname="CarTest" time="0.001">
<system-out><![CDATA[
unique-id: [engine:junit-jupiter]/[class:CarTest]/[method:testMake()]
display-name: testMake()
]]></system-out>
</testcase>
<system-out><![CDATA[
unique-id: [engine:junit-jupiter]
display-name: JUnit Jupiter
]]></system-out>
</testsuite>
